<?xml version="1.0" encoding="UTF-8"?>
<testsuite xmlns:xsi="http://www.w3.org/2001/XMLSchema-instance" xsi:noNamespaceSchemaLocation="https://maven.apache.org/surefire/maven-surefire-plugin/xsd/surefire-test-report-3.0.xsd" version="3.0" name="com.wellness360.nutrition.NutritionApplicationTests" time="7.379" tests="1" errors="0" skipped="0" failures="0">
  <properties>
[...]
</properties>
  <testcase name="contextLoads" classname="com.wellness360.nutrition.NutritionApplicationTests" time="0.423">
    <system-out><![CDATA[00:56:27.419 [main] INFO org.springframework.test.context.support.AnnotationConfigContextLoaderUtils -- Could not detect default configuration classes for test class [com.wellness360.nutrition.NutritionApplicationTests]: NutritionApplicationTests does not declare any static, non-private, non-final, nested classes annotated with @Configuration.
00:56:27.640 [main] INFO org.springframework.boot.test.context.SpringBootTestContextBootstrapper -- Found @SpringBootConfiguration com.wellness360.nutrition.NutritionApplication for test class com.wellness360.nutrition.NutritionApplicationTests
00:56:27.917 [main] INFO org.springframework.boot.devtools.restart.RestartApplicationListener -- Restart disabled due to context in which it is running

  .   ____          _            __ _ _
 /\\ / ___'_ __ _ _(_)_ __  __ _ \ \ \ \
( ( )\___ | '_ | '_| | '_ \/ _` | \ \ \ \
 \\/  ___)| |_)| | | | | || (_| |  ) ) ) )
  '  |____| .__|_| |_|_| |_\__, | / / / /
 =========|_|==============|___/=/_/_/_/

 :: Spring Boot ::                (v3.3.3)

2024-09-18T00:56:28.459-03:00  INFO 27816 --- [nutrition] [           main] c.w.nutrition.NutritionApplicationTests  : Starting NutritionApplicationTests using Java 21.0.4 with PID 27816 (started by antonio in /home/antonio/Codes/Wellness360/Backend/nutrition)
2024-09-18T00:56:28.462-03:00  INFO 27816 --- [nutrition] [           main] c.w.nutrition.NutritionApplicationTests  : No active profile set, falling back to 1 default profile: "default"
2024-09-18T00:56:29.718-03:00  INFO 27816 --- [nutrition] [           main] .s.d.r.c.RepositoryConfigurationDelegate : Bootstrapping Spring Data JPA repositories in DEFAULT mode.
2024-09-18T00:56:29.858-03:00  INFO 27816 --- [nutrition] [           main] .s.d.r.c.RepositoryConfigurationDelegate : Finished Spring Data repository scanning in 130 ms. Found 10 JPA repository interfaces.
2024-09-18T00:56:30.655-03:00  INFO 27816 --- [nutrition] [           main] com.zaxxer.hikari.HikariDataSource       : HikariPool-1 - Starting...
2024-09-18T00:56:31.053-03:00  INFO 27816 --- [nutrition] [           main] com.zaxxer.hikari.pool.HikariPool        : HikariPool-1 - Added connection com.mysql.cj.jdbc.ConnectionImpl@70091872
2024-09-18T00:56:31.055-03:00  INFO 27816 --- [nutrition] [           main] com.zaxxer.hikari.HikariDataSource       : HikariPool-1 - Start completed.
2024-09-18T00:56:31.110-03:00  INFO 27816 --- [nutrition] [           main] org.flywaydb.core.FlywayExecutor         : Database: jdbc:mysql://localhost:3306/nutrition (MySQL 8.0)
2024-09-18T00:56:31.164-03:00  INFO 27816 --- [nutrition] [           main] o.f.core.internal.command.DbValidate     : Successfully validated 1 migration (execution time 00:00.029s)
2024-09-18T00:56:31.184-03:00  INFO 27816 --- [nutrition] [           main] o.f.core.internal.command.DbMigrate      : Current version of schema `nutrition`: 1
2024-09-18T00:56:31.188-03:00  INFO 27816 --- [nutrition] [           main] o.f.core.internal.command.DbMigrate      : Schema `nutrition` is up to date. No migration necessary.
2024-09-18T00:56:31.286-03:00  INFO 27816 --- [nutrition] [           main] o.hibernate.jpa.internal.util.LogHelper  : HHH000204: Processing PersistenceUnitInfo [name: default]
2024-09-18T00:56:31.339-03:00  INFO 27816 --- [nutrition] [           main] org.hibernate.Version                    : HHH000412: Hibernate ORM core version 6.5.2.Final
2024-09-18T00:56:31.374-03:00  INFO 27816 --- [nutrition] [           main] o.h.c.internal.RegionFactoryInitiator    : HHH000026: Second-level cache disabled
2024-09-18T00:56:31.632-03:00  INFO 27816 --- [nutrition] [           main] o.s.o.j.p.SpringPersistenceUnitInfo      : No LoadTimeWeaver setup: ignoring JPA class transformer
2024-09-18T00:56:32.658-03:00  INFO 27816 --- [nutrition] [           main] o.h.e.t.j.p.i.JtaPlatformInitiator       : HHH000489: No JTA platform available (set 'hibernate.transaction.jta.platform' to enable JTA platform integration)
2024-09-18T00:56:32.866-03:00  INFO 27816 --- [nutrition] [           main] j.LocalContainerEntityManagerFactoryBean : Initialized JPA EntityManagerFactory for persistence unit 'default'
2024-09-18T00:56:33.217-03:00  INFO 27816 --- [nutrition] [           main] o.s.d.j.r.query.QueryEnhancerFactory     : Hibernate is in classpath; If applicable, HQL parser will be used.
2024-09-18T00:56:34.030-03:00  INFO 27816 --- [nutrition] [           main] c.w.nutrition.NutritionApplicationTests  : Started NutritionApplicationTests in 6.137 seconds (process running for 7.916)
]]></system-out>
    <system-err><![CDATA[WARNING: A Java agent has been loaded dynamically (/home/antonio/.m2/repository/net/bytebuddy/byte-buddy-agent/1.14.19/byte-buddy-agent-1.14.19.jar)
WARNING: If a serviceability tool is in use, please run with -XX:+EnableDynamicAgentLoading to hide this warning
WARNING: If a serviceability tool is not in use, please run with -Djdk.instrument.traceUsage for more information
WARNING: Dynamic loading of agents will be disallowed by default in a future release
]]></system-err>
  </testcase>
</testsuite>